游댕 Connecting to gRPC server at localhost:50051

游늵 OrderBook for ethbtc:
Best Bid: $0.02397 | Best Ask: $0.023958

游릭 Bids:
  $0.02397 x 1
  $0.02396 x 0.78423129
  $0.02396 x 1.088133
  $0.023957 x 0.5189
  $0.02395603 x 3.19217613
  $0.023956 x 1.0854
  $0.02395507 x 0.39574808
  $0.02395506 x 0.78353362
  $0.02395505 x 1.97866994
  $0.023955 x 10.02371944

游댮 Asks:
  $0.023958 x 0.0821
  $0.023959 x 1.0854
  $0.02396 x 1.0282467
  $0.02396097 x 0.01496633
  $0.023962 x 0.1189
  $0.023965 x 0.1189
  $0.02396564 x 3.19217613
  $0.02396576 x 0.1898
  $0.02396582 x 0.98915048
  $0.02396627 x 0.59346439


游늵 OrderBook for btcusd:
Best Bid: $105480.7092209 | Best Ask: $105468

游릭 Bids:
  $105480.7092209 x 0.036
  $105475.4504709 x 0.036
  $105473.74 x 0.044336
  $105471.65 x 0.14222399
  $105471.63 x 0.029874
  $105470.3 x 0.05
  $105469.5 x 0.52
  $105468.8 x 0.14222784
  $105466 x 1.3012
  $105466 x 0.0776

游댮 Asks:
  $105468 x 0.00726112
  $105471 x 0.26445218
  $105481 x 0.265449
  $105482 x 0.18962199
  $105482.04031245 x 0.01
  $105482.31575604 x 0.01
  $105484 x 0.39616
  $105485 x 0.568982
  $105486.18661121 x 0.1
  $105486.35243928 x 0.1


Waiting 5 seconds...
--------------------------------------------------

游늵 OrderBook for ethbtc:
Best Bid: $0.02397 | Best Ask: $0.023959

游릭 Bids:
  $0.02397 x 1
  $0.02396 x 4.74152266
  $0.023957 x 0.2002
  $0.02395606 x 0.78350224
  $0.023955 x 1.0854
  $0.02395474 x 3.19217613
  $0.023954 x 3.4809
  $0.023954 x 19.91952808
  $0.023953 x 0.1189
  $0.023953 x 2.6

游댮 Asks:
  $0.023959 x 1.0854
  $0.02396 x 0.0282467
  $0.02396 x 1.2043
  $0.02396 x 1.088279
  $0.02396097 x 0.01496633
  $0.023964 x 0.0008
  $0.02396467 x 3.19217613
  $0.023965 x 0.1189
  $0.02396576 x 0.1898
  $0.02396699 x 0.5934332


游늵 OrderBook for btcusd:
Best Bid: $105480.7092209 | Best Ask: $105467

游릭 Bids:
  $105480.7092209 x 0.036
  $105475.4504709 x 0.036
  $105473.74 x 0.044336
  $105471.65 x 0.14222399
  $105471.63 x 0.029874
  $105471.1 x 0.0499
  $105470.5 x 0.1
  $105468.8 x 0.14222784
  $105466 x 1.3012
  $105466 x 0.0776

游댮 Asks:
  $105467 x 0.074825
  $105468 x 0.00726112
  $105471 x 0.18962718
  $105477 x 0.106186
  $105481 x 0.159263
  $105481.97039683 x 0.01
  $105482 x 0.18962199
  $105482.18957316 x 0.01
  $105484 x 0.39616
  $105485 x 0.568982


Waiting 5 seconds...
--------------------------------------------------

游늵 OrderBook for ethbtc:
Best Bid: $0.02397 | Best Ask: $0.023964

游릭 Bids:
  $0.02397 x 1.73323768
  $0.02396325 x 0.78331507
  $0.02396324 x 3.19217613
  $0.023963 x 1.4836
  $0.023963 x 10.02371944
  $0.023962 x 3.0809
  $0.023961 x 3.6444
  $0.023961 x 10.09284507
  $0.02396084 x 0.1898
  $0.02396 x 7.18993593

游댮 Asks:
  $0.023964 x 0.0008
  $0.023967 x 1.0854
  $0.023968 x 1.2043
  $0.02397 x 3.1716225
  $0.02397 x 1.163752
  $0.02397 x 25
  $0.02397013 x 0.1898
  $0.02397253 x 3.19217613
  $0.023974 x 0.1189
  $0.02397536 x 0.1898


游늵 OrderBook for btcusd:
Best Bid: $105480.7092209 | Best Ask: $105469

游릭 Bids:
  $105480.7092209 x 0.036
  $105475.5 x 0.52
  $105475.4504709 x 0.036
  $105475.1 x 0.05
  $105473.74 x 0.089836
  $105471.65 x 0.14222399
  $105471.63 x 0.029874
  $105468.8 x 0.14222784
  $105467 x 0.0776
  $105466 x 1.64756

游댮 Asks:
  $105469 x 0.00643765
  $105473 x 0.074825
  $105474 x 0.18962086
  $105477 x 0.106187
  $105479 x 0.159252
  $105482 x 0.18962199
  $105484 x 0.39616
  $105485 x 0.568982
  $105485.13684374 x 0.01
  $105485.13684374 x 0.01


Waiting 5 seconds...
--------------------------------------------------

游늵 OrderBook for ethbtc:
Best Bid: $0.02397 | Best Ask: $0.023969

游릭 Bids:
  $0.02397 x 5.688838
  $0.023968 x 1.2043
  $0.023967 x 1.0854
  $0.02396503 x 3.19217613
  $0.023965 x 0.1189
  $0.023964 x 1.0854
  $0.02396357 x 0.1898
  $0.02396356 x 0.59350002
  $0.023963 x 1.2834
  $0.023963 x 19.91560381

游댮 Asks:
  $0.023969 x 0.0397
  $0.02397 x 1.0248225
  $0.02397 x 0.1189
  $0.02397 x 1.163684
  $0.023971 x 0.1189
  $0.02397194 x 0.1898
  $0.023972 x 1.0854
  $0.023973 x 1.0862
  $0.023974 x 0.1189
  $0.02397434 x 3.19217613


游늵 OrderBook for btcusd:
Best Bid: $105480.7092209 | Best Ask: $105471

游릭 Bids:
  $105480.7092209 x 0.036
  $105478.69 x 1.2823
  $105478 x 0.0436
  $105475.4504709 x 0.036
  $105474 x 0.05
  $105473.74 x 0.074194
  $105473.42 x 0.01099
  $105473.39 x 0.00177
  $105473.22 x 0.10774
  $105472.54 x 0.17902

游댮 Asks:
  $105471 x 0.0818991
  $105474 x 0.18962082
  $105483 x 0.106187
  $105484 x 0.555411
  $105485 x 0.7586074
  $105486 x 0.0776
  $105489.36900835 x 0.01
  $105489.36900835 x 0.01
  $105491 x 0.37925081
  $105492 x 0.5379273


Waiting 5 seconds...
--------------------------------------------------

游늵 OrderBook for ethbtc:
Best Bid: $0.02397 | Best Ask: $0.02397

游릭 Bids:
  $0.02397 x 5.68887456
  $0.023969 x 1.1593
  $0.023968 x 1.2043
  $0.023967 x 1.2043
  $0.02396659 x 2.88239988
  $0.02396658 x 3.56822201
  $0.023965 x 1.0854
  $0.02396487 x 3.19217613
  $0.023964 x 1.0854
  $0.023964 x 12.49160731

游댮 Asks:
  $0.02397 x 1.03401913
  $0.02397 x 0.1189
  $0.02397 x 1.087764
  $0.02397109 x 0.1898
  $0.02397194 x 0.00919663
  $0.023972 x 1.9155
  $0.023973 x 0.0008
  $0.023974 x 0.1189
  $0.02397418 x 3.19217613
  $0.02397536 x 0.1898


游늵 OrderBook for btcusd:
Best Bid: $105480.7092209 | Best Ask: $105470

游릭 Bids:
  $105480.7092209 x 0.036
  $105478.69 x 1.2523
  $105478 x 0.0436
  $105476 x 0.0436
  $105475.4504709 x 0.036
  $105473.74 x 0.074194
  $105473.42 x 0.01099
  $105473.39 x 0.00086395
  $105473.22 x 0.10774
  $105472.54 x 0.17902

游댮 Asks:
  $105470 x 0.074825
  $105471 x 0.00611422
  $105472 x 0.18962422
  $105483 x 0.106187
  $105484 x 0.555411
  $105485 x 0.7586074
  $105488.52854724 x 0.01
  $105489.21982536 x 0.01
  $105490 x 0.5
  $105491 x 0.37925081


Waiting 5 seconds...
--------------------------------------------------

